TN:
SF:/mnt/e/Github/halias/packages/protocol/contracts/base/Constants.sol
FNF:0
FNH:0
LF:0
LH:0
BRF:0
BRH:0
end_of_record
TN:
SF:/mnt/e/Github/halias/packages/protocol/contracts/base/Errors.sol
FNF:0
FNH:0
LF:0
LH:0
BRF:0
BRH:0
end_of_record
TN:
SF:/mnt/e/Github/halias/packages/protocol/contracts/base/SMTRegistry.sol
FN:36,_initSMT
FN:50,_smtUpdate
FN:82,isKnownRegistryRoot
FN:94,getSmtSiblings
FN:104,getRegistryRoot
FNF:5
FNH:4
FNDA:142,_initSMT
FNDA:129,_smtUpdate
FNDA:26,isKnownRegistryRoot
FNDA:1,getSmtSiblings
FNDA:0,getRegistryRoot
DA:37,142
DA:38,142
DA:39,4544
DA:40,4544
DA:42,142
DA:43,142
DA:44,142
DA:51,129
DA:54,129
DA:55,129
DA:56,0
DA:58,129
DA:62,129
DA:63,129
DA:64,129
DA:65,4128
DA:66,4128
DA:67,4128
DA:68,4128
DA:69,4128
DA:70,4128
DA:71,4128
DA:72,2178
DA:74,1950
DA:77,129
DA:78,129
DA:79,129
DA:83,26
DA:84,25
DA:85,25
DA:90,0
DA:95,1
DA:96,1
DA:97,32
DA:98,32
DA:99,32
DA:105,0
LF:37
LH:34
BRDA:55,1,0,0
BRDA:55,1,1,129
BRDA:69,2,0,4123
BRDA:69,2,1,5
BRDA:71,3,0,2178
BRDA:71,3,1,1950
BRDA:83,4,0,1
BRDA:83,4,1,25
BRDA:99,5,0,32
BRDA:99,5,1,0
BRF:10
BRH:8
end_of_record
TN:
SF:/mnt/e/Github/halias/packages/protocol/contracts/Halias.sol
FN:184,constructor
FN:195,onlyAdmin
FN:200,onlyAliasOwner
FN:207,_doRegister
FN:235,register
FN:254,registerWithVoucher
FN:284,updateKeys
FN:304,updateAliasData
FN:318,addAttestation
FN:341,updateAttestation
FN:354,removeAttestation
FN:375,getProviders
FN:381,_syncDataHash
FN:391,_writeDataHash
FN:404,transferAliasWithKeys
FN:440,createVoucher
FN:451,reclaimVoucher
FN:465,_computeParamsHash
FN:476,computeParamsHash
FN:480,_verifyTransact
FN:518,transact
FN:534,transactWithPermit
FN:541,_transactCore
FN:577,_processPayment
FN:623,voucherFee
FN:627,setPaymaster
FN:633,setRegistrationFee
FN:638,setBaseTokenURI
FN:642,withdrawFees
FN:649,withdrawEntryPointDeposit
FN:659,rescueToken
FN:665,transferAdmin
FN:670,acceptAdmin
FN:678,transferFrom
FN:682,safeTransferFrom
FN:686,_baseURI
FNF:36
FNH:33
FNDA:142,constructor
FNDA:70,onlyAdmin
FNDA:64,onlyAliasOwner
FNDA:90,_doRegister
FNDA:83,register
FNDA:12,registerWithVoucher
FNDA:7,updateKeys
FNDA:4,updateAliasData
FNDA:24,addAttestation
FNDA:3,updateAttestation
FNDA:7,removeAttestation
FNDA:8,getProviders
FNDA:31,_syncDataHash
FNDA:34,_writeDataHash
FNDA:13,transferAliasWithKeys
FNDA:33,createVoucher
FNDA:8,reclaimVoucher
FNDA:21,_computeParamsHash
FNDA:5,computeParamsHash
FNDA:16,_verifyTransact
FNDA:27,transact
FNDA:0,transactWithPermit
FNDA:27,_transactCore
FNDA:24,_processPayment
FNDA:0,voucherFee
FNDA:55,setPaymaster
FNDA:1,setRegistrationFee
FNDA:1,setBaseTokenURI
FNDA:3,withdrawFees
FNDA:0,withdrawEntryPointDeposit
FNDA:3,rescueToken
FNDA:4,transferAdmin
FNDA:3,acceptAdmin
FNDA:1,transferFrom
FNDA:1,safeTransferFrom
FNDA:1,_baseURI
DA:185,142
DA:186,142
DA:188,142
DA:189,142
DA:190,142
DA:192,142
DA:196,70
DA:197,67
DA:201,64
DA:202,58
DA:213,90
DA:214,89
DA:215,88
DA:216,87
DA:217,86
DA:218,85
DA:219,84
DA:221,83
DA:222,83
DA:224,83
DA:225,83
DA:227,83
DA:236,83
DA:238,81
DA:239,81
DA:240,81
DA:242,81
DA:255,12
DA:256,12
DA:258,12
DA:260,11
DA:261,11
DA:262,10
DA:264,9
DA:265,9
DA:266,9
DA:268,9
DA:269,9
DA:271,9
DA:272,9
DA:273,4
DA:276,9
DA:277,9
DA:285,7
DA:286,7
DA:287,6
DA:289,5
DA:290,5
DA:291,5
DA:293,5
DA:294,5
DA:296,5
DA:305,4
DA:306,3
DA:307,3
DA:319,24
DA:321,23
DA:322,23
DA:323,23
DA:326,23
DA:327,23
DA:328,23
DA:329,2
DA:332,23
DA:333,23
DA:342,3
DA:344,2
DA:345,2
DA:347,2
DA:348,2
DA:355,7
DA:357,6
DA:358,6
DA:359,6
DA:361,6
DA:362,1
DA:364,6
DA:365,6
DA:368,6
DA:369,6
DA:371,6
DA:372,6
DA:376,8
DA:382,31
DA:383,31
DA:384,31
DA:385,26
DA:387,31
DA:388,31
DA:392,34
DA:393,34
DA:394,34
DA:395,34
DA:405,13
DA:406,12
DA:407,11
DA:408,10
DA:409,9
DA:410,8
DA:412,7
DA:413,7
DA:416,7
DA:417,7
DA:418,7
DA:419,4
DA:420,4
DA:421,4
DA:423,7
DA:426,7
DA:427,7
DA:428,7
DA:429,7
DA:430,7
DA:432,7
DA:433,7
DA:435,7
DA:441,33
DA:442,32
DA:443,31
DA:444,30
DA:445,29
DA:446,26
DA:447,26
DA:448,26
DA:452,8
DA:453,8
DA:454,6
DA:455,5
DA:457,4
DA:458,4
DA:459,4
DA:460,4
DA:466,21
DA:477,5
DA:490,16
DA:492,16
DA:493,16
DA:494,16
DA:495,16
DA:496,16
DA:497,16
DA:498,16
DA:499,16
DA:500,16
DA:501,16
DA:503,16
DA:506,16
DA:519,27
DA:535,0
DA:538,0
DA:551,27
DA:552,26
DA:553,25
DA:554,25
DA:555,25
DA:557,24
DA:559,16
DA:564,15
DA:565,15
DA:567,15
DA:568,14
DA:570,14
DA:582,24
DA:583,24
DA:585,24
DA:586,13
DA:587,5
DA:588,4
DA:590,3
DA:591,3
DA:592,3
DA:595,8
DA:596,5
DA:598,3
DA:602,11
DA:603,10
DA:604,10
DA:605,9
DA:606,3
DA:607,2
DA:608,2
DA:609,2
DA:611,6
DA:612,6
DA:613,6
DA:614,5
DA:624,0
DA:628,55
DA:629,54
DA:630,54
DA:634,1
DA:635,1
DA:639,1
DA:643,3
DA:644,2
DA:645,2
DA:646,2
DA:650,0
DA:660,3
DA:661,3
DA:662,2
DA:666,4
DA:667,3
DA:671,3
DA:672,2
DA:673,2
DA:674,2
DA:675,2
DA:679,1
DA:683,1
DA:687,1
DA:694,10
LF:212
LH:208
BRDA:185,1,0,0
BRDA:185,1,1,142
BRDA:186,2,0,0
BRDA:186,2,1,142
BRDA:196,3,0,3
BRDA:196,3,1,67
BRDA:201,4,0,6
BRDA:201,4,1,58
BRDA:213,5,0,1
BRDA:213,5,1,89
BRDA:214,6,0,1
BRDA:214,6,1,88
BRDA:215,7,0,1
BRDA:215,7,1,87
BRDA:216,8,0,1
BRDA:216,8,1,86
BRDA:217,9,0,1
BRDA:217,9,1,85
BRDA:218,10,0,1
BRDA:218,10,1,84
BRDA:219,11,0,1
BRDA:219,11,1,83
BRDA:235,12,0,83
BRDA:235,12,1,0
BRDA:236,13,0,2
BRDA:236,13,1,81
BRDA:254,14,0,12
BRDA:254,14,1,0
BRDA:258,15,0,1
BRDA:258,15,1,11
BRDA:261,16,0,1
BRDA:261,16,1,10
BRDA:262,17,0,1
BRDA:262,17,1,9
BRDA:272,18,0,4
BRDA:272,18,1,5
BRDA:284,19,0,7
BRDA:284,19,1,2
BRDA:285,20,0,0
BRDA:285,20,1,7
BRDA:286,21,0,1
BRDA:286,21,1,6
BRDA:287,22,0,1
BRDA:287,22,1,5
BRDA:304,23,0,4
BRDA:304,23,1,1
BRDA:305,24,0,1
BRDA:305,24,1,3
BRDA:318,25,0,24
BRDA:318,25,1,1
BRDA:319,26,0,1
BRDA:319,26,1,23
BRDA:341,27,0,3
BRDA:341,27,1,1
BRDA:342,28,0,1
BRDA:342,28,1,2
BRDA:354,29,0,7
BRDA:354,29,1,0
BRDA:355,30,0,1
BRDA:355,30,1,6
BRDA:359,31,0,6
BRDA:359,31,1,0
BRDA:404,32,0,13
BRDA:404,32,1,1
BRDA:405,33,0,1
BRDA:405,33,1,12
BRDA:406,34,0,1
BRDA:406,34,1,11
BRDA:407,35,0,1
BRDA:407,35,1,10
BRDA:408,36,0,1
BRDA:408,36,1,9
BRDA:409,37,0,1
BRDA:409,37,1,8
BRDA:410,38,0,1
BRDA:410,38,1,7
BRDA:441,39,0,1
BRDA:441,39,1,32
BRDA:442,40,0,1
BRDA:442,40,1,31
BRDA:443,41,0,1
BRDA:443,41,1,30
BRDA:444,42,0,1
BRDA:444,42,1,29
BRDA:445,43,0,3
BRDA:445,43,1,26
BRDA:453,44,0,2
BRDA:453,44,1,6
BRDA:454,45,0,1
BRDA:454,45,1,5
BRDA:455,46,0,1
BRDA:455,46,1,4
BRDA:506,47,0,1
BRDA:506,47,1,15
BRDA:518,48,0,27
BRDA:518,48,1,0
BRDA:534,49,0,0
BRDA:534,49,1,0
BRDA:551,50,0,1
BRDA:551,50,1,26
BRDA:552,51,0,1
BRDA:552,51,1,25
BRDA:553,52,0,0
BRDA:553,52,1,25
BRDA:554,53,0,0
BRDA:554,53,1,25
BRDA:555,54,0,1
BRDA:555,54,1,24
BRDA:583,55,0,8
BRDA:583,55,1,16
BRDA:585,56,0,13
BRDA:585,56,1,11
BRDA:586,57,0,5
BRDA:586,57,1,8
BRDA:587,58,0,1
BRDA:587,58,1,4
BRDA:588,59,0,1
BRDA:588,59,1,3
BRDA:590,60,0,3
BRDA:590,60,1,0
BRDA:595,61,0,5
BRDA:595,61,1,3
BRDA:596,62,0,1
BRDA:596,62,1,4
BRDA:598,63,0,1
BRDA:598,63,1,2
BRDA:602,64,0,1
BRDA:602,64,1,10
BRDA:604,65,0,1
BRDA:604,65,1,9
BRDA:605,66,0,3
BRDA:605,66,1,6
BRDA:606,67,0,1
BRDA:606,67,1,2
BRDA:610,68,0,6
BRDA:610,68,1,0
BRDA:613,69,0,1
BRDA:613,69,1,5
BRDA:627,70,0,55
BRDA:627,70,1,0
BRDA:628,71,0,1
BRDA:628,71,1,54
BRDA:633,72,0,1
BRDA:633,72,1,1
BRDA:638,73,0,1
BRDA:638,73,1,0
BRDA:642,74,0,3
BRDA:642,74,1,0
BRDA:643,75,0,1
BRDA:643,75,1,2
BRDA:649,76,0,0
BRDA:649,76,1,0
BRDA:659,77,0,3
BRDA:659,77,1,1
BRDA:661,78,0,1
BRDA:661,78,1,2
BRDA:665,79,0,4
BRDA:665,79,1,1
BRDA:666,80,0,1
BRDA:666,80,1,3
BRDA:671,81,0,1
BRDA:671,81,1,2
BRDA:694,82,0,1
BRDA:694,82,1,9
BRF:164
BRH:145
end_of_record
TN:
SF:/mnt/e/Github/halias/packages/protocol/contracts/HaliasAccountImpl.sol
FN:31,constructor
FN:37,validateUserOp
FN:58,execute
FN:67,executeBatch
FNF:4
FNH:4
FNDA:14,constructor
FNDA:5,validateUserOp
FNDA:3,execute
FNDA:5,executeBatch
DA:32,14
DA:42,5
DA:44,4
DA:45,4
DA:46,4
DA:50,4
DA:52,0
DA:53,0
DA:59,3
DA:60,2
DA:61,2
DA:62,1
DA:72,5
DA:73,4
DA:74,2
DA:75,2
DA:76,2
DA:77,0
LF:18
LH:15
BRDA:42,1,0,1
BRDA:42,1,1,4
BRDA:47,2,0,0
BRDA:47,2,1,4
BRDA:50,3,0,0
BRDA:50,3,1,4
BRDA:59,4,0,1
BRDA:59,4,1,2
BRDA:61,5,0,1
BRDA:61,5,1,1
BRDA:72,6,0,1
BRDA:72,6,1,4
BRDA:73,7,0,2
BRDA:73,7,1,2
BRDA:73,8,0,1
BRDA:73,8,1,1
BRDA:76,9,0,0
BRDA:76,9,1,2
BRF:18
BRH:15
end_of_record
TN:
SF:/mnt/e/Github/halias/packages/protocol/contracts/HaliasPaymaster.sol
FN:59,constructor
FN:65,setRelayer
FN:66,setHalias
FN:73,validatePaymasterUserOp
FN:92,_validatePoolNote
FN:127,_validateVoucher
FN:161,postOp
FN:189,_requireExecuteTargetIsHalias
FN:211,_isRegisterWithVoucherCall
FN:253,_decodeTransactRecipient
FN:266,addStakeToEntryPoint
FN:270,withdrawEntryPointDeposit
FN:274,withdrawBalance
FNF:13
FNH:12
FNDA:53,constructor
FNDA:1,setRelayer
FNDA:2,setHalias
FNDA:14,validatePaymasterUserOp
FNDA:7,_validatePoolNote
FNDA:4,_validateVoucher
FNDA:5,postOp
FNDA:6,_requireExecuteTargetIsHalias
FNDA:4,_isRegisterWithVoucherCall
FNDA:5,_decodeTransactRecipient
FNDA:0,addStakeToEntryPoint
FNDA:1,withdrawEntryPointDeposit
FNDA:1,withdrawBalance
DA:60,53
DA:61,53
DA:62,53
DA:67,2
DA:68,1
DA:78,14
DA:79,13
DA:81,12
DA:83,12
DA:84,7
DA:86,4
DA:88,1
DA:98,7
DA:99,0
DA:100,0
DA:101,0
DA:102,0
DA:106,7
DA:111,6
DA:113,5
DA:115,5
DA:116,4
DA:118,3
DA:119,3
DA:121,2
DA:122,2
DA:124,1
DA:132,4
DA:134,3
DA:137,0
DA:138,0
DA:139,0
DA:140,0
DA:146,3
DA:147,3
DA:149,3
DA:150,3
DA:151,3
DA:152,2
DA:153,2
DA:156,1
DA:167,5
DA:169,4
DA:171,4
DA:174,3
DA:175,2
DA:176,2
DA:190,6
DA:191,6
DA:192,6
DA:196,6
DA:212,4
DA:213,4
DA:214,4
DA:215,4
DA:216,4
DA:217,4
DA:223,4
DA:254,5
DA:267,0
DA:271,1
DA:275,1
LF:62
LH:53
BRDA:65,1,0,1
BRDA:65,1,1,1
BRDA:66,2,0,2
BRDA:66,2,1,0
BRDA:67,3,0,1
BRDA:67,3,1,1
BRDA:78,4,0,1
BRDA:78,4,1,13
BRDA:79,5,0,1
BRDA:79,5,1,12
BRDA:83,6,0,7
BRDA:83,6,1,5
BRDA:85,7,0,4
BRDA:85,7,1,1
BRDA:98,8,0,0
BRDA:98,8,1,7
BRDA:99,9,0,0
BRDA:99,9,1,0
BRDA:102,10,0,0
BRDA:102,10,1,0
BRDA:106,11,0,1
BRDA:106,11,1,6
BRDA:115,12,0,1
BRDA:115,12,1,4
BRDA:116,13,0,1
BRDA:116,13,1,3
BRDA:119,14,0,1
BRDA:119,14,1,2
BRDA:122,15,0,1
BRDA:122,15,1,1
BRDA:132,16,0,1
BRDA:132,16,1,3
BRDA:134,17,0,0
BRDA:134,17,1,3
BRDA:137,18,0,0
BRDA:137,18,1,0
BRDA:140,19,0,0
BRDA:140,19,1,0
BRDA:146,20,0,0
BRDA:146,20,1,3
BRDA:151,21,0,1
BRDA:151,21,1,2
BRDA:153,22,0,1
BRDA:153,22,1,1
BRDA:167,23,0,1
BRDA:167,23,1,4
BRDA:171,24,0,3
BRDA:171,24,1,1
BRDA:174,25,0,2
BRDA:174,25,1,1
BRDA:176,26,0,1
BRDA:176,26,1,1
BRDA:196,27,0,1
BRDA:196,27,1,5
BRDA:196,28,0,0
BRDA:196,28,1,1
BRDA:212,29,0,0
BRDA:212,29,1,4
BRDA:266,30,0,0
BRDA:266,30,1,0
BRDA:270,31,0,1
BRDA:270,31,1,0
BRDA:274,32,0,1
BRDA:274,32,1,1
BRF:64
BRH:47
end_of_record
TN:
SF:/mnt/e/Github/halias/packages/protocol/contracts/MerkleTreeWithHistory.sol
FN:19,constructor
FN:29,_insert
FN:51,_hashLeftRight
FN:56,isKnownPoolRoot
FN:67,getLastRoot
FNF:5
FNH:5
FNDA:142,constructor
FNDA:29,_insert
FNDA:5440,_hashLeftRight
FNDA:27,isKnownPoolRoot
FNDA:16,getLastRoot
DA:20,142
DA:21,142
DA:22,4544
DA:23,4544
DA:24,4544
DA:26,142
DA:30,29
DA:31,28
DA:32,28
DA:34,28
DA:35,28
DA:36,896
DA:37,872
DA:38,872
DA:40,24
DA:42,896
DA:45,28
DA:46,28
DA:47,28
DA:48,28
DA:52,5440
DA:53,5440
DA:57,27
DA:58,26
DA:59,26
DA:64,0
DA:68,16
LF:27
LH:26
BRDA:30,1,0,1
BRDA:30,1,1,28
BRDA:31,2,0,0
BRDA:31,2,1,28
BRDA:36,3,0,872
BRDA:36,3,1,24
BRDA:57,4,0,1
BRDA:57,4,1,26
BRF:8
BRH:7
end_of_record
