{"contracts/base/Constants.sol":{"l":{},"path":"/mnt/e/Github/halias/packages/protocol/contracts/base/Constants.sol","s":{},"b":{},"f":{},"fnMap":{},"statementMap":{},"branchMap":{}},"contracts/base/Errors.sol":{"l":{},"path":"/mnt/e/Github/halias/packages/protocol/contracts/base/Errors.sol","s":{},"b":{},"f":{},"fnMap":{},"statementMap":{},"branchMap":{}},"contracts/base/SMTRegistry.sol":{"l":{"37":142,"38":142,"39":4544,"40":4544,"42":142,"43":142,"44":142,"51":129,"54":129,"55":129,"56":0,"58":129,"62":129,"63":129,"64":129,"65":4128,"66":4128,"67":4128,"68":4128,"69":4128,"70":4128,"71":4128,"72":2178,"74":1950,"77":129,"78":129,"79":129,"83":26,"84":25,"85":25,"90":0,"95":1,"96":1,"97":32,"98":32,"99":32,"105":0},"path":"/mnt/e/Github/halias/packages/protocol/contracts/base/SMTRegistry.sol","s":{"1":142,"2":142,"3":129,"4":129,"5":129,"6":129,"7":129,"8":129,"9":4128,"10":4128,"11":4128,"12":4128,"13":4128,"14":4128,"15":26,"16":1,"17":25,"18":0,"19":1,"20":1,"21":32,"22":32,"23":0},"b":{"1":[0,129],"2":[4123,5],"3":[2178,1950],"4":[1,25],"5":[32,0]},"f":{"1":142,"2":129,"3":26,"4":1,"5":0},"fnMap":{"1":{"name":"_initSMT","line":36,"loc":{"start":{"line":36,"column":4},"end":{"line":45,"column":4}}},"2":{"name":"_smtUpdate","line":50,"loc":{"start":{"line":50,"column":4},"end":{"line":80,"column":4}}},"3":{"name":"isKnownRegistryRoot","line":82,"loc":{"start":{"line":82,"column":4},"end":{"line":91,"column":4}}},"4":{"name":"getSmtSiblings","line":94,"loc":{"start":{"line":94,"column":4},"end":{"line":101,"column":4}}},"5":{"name":"getRegistryRoot","line":104,"loc":{"start":{"line":104,"column":4},"end":{"line":106,"column":4}}}},"statementMap":{"1":{"start":{"line":37,"column":8},"end":{"line":37,"column":30}},"2":{"start":{"line":38,"column":8},"end":{"line":38,"column":1536}},"3":{"start":{"line":51,"column":8},"end":{"line":51,"column":54}},"4":{"start":{"line":54,"column":8},"end":{"line":54,"column":59}},"5":{"start":{"line":55,"column":8},"end":{"line":55,"column":2236}},"6":{"start":{"line":62,"column":8},"end":{"line":62,"column":32}},"7":{"start":{"line":63,"column":8},"end":{"line":63,"column":76}},"8":{"start":{"line":64,"column":8},"end":{"line":64,"column":2712}},"9":{"start":{"line":65,"column":12},"end":{"line":65,"column":46}},"10":{"start":{"line":66,"column":12},"end":{"line":66,"column":46}},"11":{"start":{"line":67,"column":12},"end":{"line":67,"column":53}},"12":{"start":{"line":68,"column":12},"end":{"line":68,"column":59}},"13":{"start":{"line":69,"column":12},"end":{"line":69,"column":61}},"14":{"start":{"line":71,"column":12},"end":{"line":71,"column":3097}},"15":{"start":{"line":83,"column":8},"end":{"line":83,"column":44}},"16":{"start":{"line":83,"column":32},"end":{"line":83,"column":44}},"17":{"start":{"line":84,"column":8},"end":{"line":84,"column":38}},"18":{"start":{"line":90,"column":8},"end":{"line":90,"column":20}},"19":{"start":{"line":95,"column":8},"end":{"line":95,"column":60}},"20":{"start":{"line":96,"column":8},"end":{"line":96,"column":4115}},"21":{"start":{"line":97,"column":12},"end":{"line":97,"column":52}},"22":{"start":{"line":98,"column":12},"end":{"line":98,"column":49}},"23":{"start":{"line":105,"column":8},"end":{"line":105,"column":22}}},"branchMap":{"1":{"line":55,"type":"if","locations":[{"start":{"line":55,"column":8},"end":{"line":55,"column":8}},{"start":{"line":55,"column":8},"end":{"line":55,"column":8}}]},"2":{"line":69,"type":"if","locations":[{"start":{"line":69,"column":12},"end":{"line":69,"column":12}},{"start":{"line":69,"column":12},"end":{"line":69,"column":12}}]},"3":{"line":71,"type":"if","locations":[{"start":{"line":71,"column":12},"end":{"line":71,"column":12}},{"start":{"line":71,"column":12},"end":{"line":71,"column":12}}]},"4":{"line":83,"type":"if","locations":[{"start":{"line":83,"column":8},"end":{"line":83,"column":8}},{"start":{"line":83,"column":8},"end":{"line":83,"column":8}}]},"5":{"line":99,"type":"if","locations":[{"start":{"line":99,"column":44},"end":{"line":99,"column":55}},{"start":{"line":99,"column":59},"end":{"line":99,"column":59}}]}}},"contracts/Halias.sol":{"l":{"185":142,"186":142,"188":142,"189":142,"190":142,"192":142,"196":70,"197":67,"201":64,"202":58,"213":90,"214":89,"215":88,"216":87,"217":86,"218":85,"219":84,"221":83,"222":83,"224":83,"225":83,"227":83,"236":83,"238":81,"239":81,"240":81,"242":81,"255":12,"256":12,"258":12,"260":11,"261":11,"262":10,"264":9,"265":9,"266":9,"268":9,"269":9,"271":9,"272":9,"273":4,"276":9,"277":9,"285":7,"286":7,"287":6,"289":5,"290":5,"291":5,"293":5,"294":5,"296":5,"305":4,"306":3,"307":3,"319":24,"321":23,"322":23,"323":23,"326":23,"327":23,"328":23,"329":2,"332":23,"333":23,"342":3,"344":2,"345":2,"347":2,"348":2,"355":7,"357":6,"358":6,"359":6,"361":6,"362":1,"364":6,"365":6,"368":6,"369":6,"371":6,"372":6,"376":8,"382":31,"383":31,"384":31,"385":26,"387":31,"388":31,"392":34,"393":34,"394":34,"395":34,"405":13,"406":12,"407":11,"408":10,"409":9,"410":8,"412":7,"413":7,"416":7,"417":7,"418":7,"419":4,"420":4,"421":4,"423":7,"426":7,"427":7,"428":7,"429":7,"430":7,"432":7,"433":7,"435":7,"441":33,"442":32,"443":31,"444":30,"445":29,"446":26,"447":26,"448":26,"452":8,"453":8,"454":6,"455":5,"457":4,"458":4,"459":4,"460":4,"466":21,"477":5,"490":16,"492":16,"493":16,"494":16,"495":16,"496":16,"497":16,"498":16,"499":16,"500":16,"501":16,"503":16,"506":16,"519":27,"535":0,"538":0,"551":27,"552":26,"553":25,"554":25,"555":25,"557":24,"559":16,"564":15,"565":15,"567":15,"568":14,"570":14,"582":24,"583":24,"585":24,"586":13,"587":5,"588":4,"590":3,"591":3,"592":3,"595":8,"596":5,"598":3,"602":11,"603":10,"604":10,"605":9,"606":3,"607":2,"608":2,"609":2,"611":6,"612":6,"613":6,"614":5,"624":0,"628":55,"629":54,"630":54,"634":1,"635":1,"639":1,"643":3,"644":2,"645":2,"646":2,"650":0,"660":3,"661":3,"662":2,"666":4,"667":3,"671":3,"672":2,"673":2,"674":2,"675":2,"679":1,"683":1,"687":1,"694":10},"path":"/mnt/e/Github/halias/packages/protocol/contracts/Halias.sol","s":{"1":142,"2":142,"3":142,"4":70,"5":64,"6":90,"7":89,"8":88,"9":87,"10":86,"11":85,"12":84,"13":83,"14":83,"15":83,"16":83,"17":83,"18":81,"19":81,"20":81,"21":12,"22":12,"23":12,"24":11,"25":11,"26":10,"27":9,"28":9,"29":9,"30":9,"31":4,"32":9,"33":9,"34":7,"35":7,"36":6,"37":5,"38":5,"39":5,"40":5,"41":4,"42":3,"43":3,"44":24,"45":23,"46":23,"47":23,"48":23,"49":23,"50":23,"51":3,"52":2,"53":2,"54":2,"55":7,"56":6,"57":6,"58":6,"59":6,"60":6,"61":6,"62":6,"63":8,"64":31,"65":31,"66":31,"67":31,"68":34,"69":34,"70":34,"71":13,"72":12,"73":11,"74":10,"75":9,"76":8,"77":7,"78":7,"79":7,"80":7,"81":4,"82":7,"83":7,"84":7,"85":7,"86":33,"87":32,"88":31,"89":30,"90":29,"91":26,"92":26,"93":8,"94":8,"95":6,"96":5,"97":4,"98":4,"99":4,"100":21,"101":5,"102":16,"103":16,"104":16,"105":16,"106":27,"107":0,"108":0,"109":27,"110":26,"111":25,"112":25,"113":25,"114":24,"115":16,"116":15,"117":14,"118":14,"119":24,"120":24,"121":24,"122":13,"123":5,"124":4,"125":3,"126":3,"127":3,"128":8,"129":5,"130":3,"131":11,"132":10,"133":10,"134":9,"135":3,"136":2,"137":2,"138":6,"139":6,"140":6,"141":6,"142":0,"143":55,"144":54,"145":1,"146":3,"147":2,"148":2,"149":0,"150":3,"151":3,"152":2,"153":4,"154":3,"155":2,"156":2,"157":1,"158":1,"159":1},"b":{"1":[0,142],"2":[0,142],"3":[3,67],"4":[6,58],"5":[1,89],"6":[1,88],"7":[1,87],"8":[1,86],"9":[1,85],"10":[1,84],"11":[1,83],"12":[83,0],"13":[2,81],"14":[12,0],"15":[1,11],"16":[1,10],"17":[1,9],"18":[4,5],"19":[7,2],"20":[0,7],"21":[1,6],"22":[1,5],"23":[4,1],"24":[1,3],"25":[24,1],"26":[1,23],"27":[3,1],"28":[1,2],"29":[7,0],"30":[1,6],"31":[6,0],"32":[13,1],"33":[1,12],"34":[1,11],"35":[1,10],"36":[1,9],"37":[1,8],"38":[1,7],"39":[1,32],"40":[1,31],"41":[1,30],"42":[1,29],"43":[3,26],"44":[2,6],"45":[1,5],"46":[1,4],"47":[1,15],"48":[27,0],"49":[0,0],"50":[1,26],"51":[1,25],"52":[0,25],"53":[0,25],"54":[1,24],"55":[8,16],"56":[13,11],"57":[5,8],"58":[1,4],"59":[1,3],"60":[3,0],"61":[5,3],"62":[1,4],"63":[1,2],"64":[1,10],"65":[1,9],"66":[3,6],"67":[1,2],"68":[6,0],"69":[1,5],"70":[55,0],"71":[1,54],"72":[1,1],"73":[1,0],"74":[3,0],"75":[1,2],"76":[0,0],"77":[3,1],"78":[1,2],"79":[4,1],"80":[1,3],"81":[1,2],"82":[1,9]},"f":{"1":142,"2":70,"3":64,"4":90,"5":83,"6":12,"7":7,"8":4,"9":24,"10":3,"11":7,"12":8,"13":31,"14":34,"15":13,"16":33,"17":8,"18":21,"19":5,"20":16,"21":27,"22":0,"23":27,"24":24,"25":0,"26":55,"27":1,"28":1,"29":3,"30":0,"31":3,"32":4,"33":3,"34":1,"35":1,"36":1},"fnMap":{"1":{"name":"constructor","line":184,"loc":{"start":{"line":184,"column":4},"end":{"line":193,"column":4}}},"2":{"name":"onlyAdmin","line":195,"loc":{"start":{"line":195,"column":4},"end":{"line":198,"column":4}}},"3":{"name":"onlyAliasOwner","line":200,"loc":{"start":{"line":200,"column":4},"end":{"line":203,"column":4}}},"4":{"name":"_doRegister","line":207,"loc":{"start":{"line":207,"column":4},"end":{"line":228,"column":4}}},"5":{"name":"register","line":235,"loc":{"start":{"line":230,"column":4},"end":{"line":243,"column":4}}},"6":{"name":"registerWithVoucher","line":254,"loc":{"start":{"line":248,"column":4},"end":{"line":278,"column":4}}},"7":{"name":"updateKeys","line":284,"loc":{"start":{"line":280,"column":4},"end":{"line":297,"column":4}}},"8":{"name":"updateAliasData","line":304,"loc":{"start":{"line":301,"column":4},"end":{"line":308,"column":4}}},"9":{"name":"addAttestation","line":318,"loc":{"start":{"line":314,"column":4},"end":{"line":334,"column":4}}},"10":{"name":"updateAttestation","line":341,"loc":{"start":{"line":337,"column":4},"end":{"line":349,"column":4}}},"11":{"name":"removeAttestation","line":354,"loc":{"start":{"line":351,"column":4},"end":{"line":373,"column":4}}},"12":{"name":"getProviders","line":375,"loc":{"start":{"line":375,"column":4},"end":{"line":377,"column":4}}},"13":{"name":"_syncDataHash","line":381,"loc":{"start":{"line":381,"column":4},"end":{"line":389,"column":4}}},"14":{"name":"_writeDataHash","line":391,"loc":{"start":{"line":391,"column":4},"end":{"line":396,"column":4}}},"15":{"name":"transferAliasWithKeys","line":404,"loc":{"start":{"line":398,"column":4},"end":{"line":436,"column":4}}},"16":{"name":"createVoucher","line":440,"loc":{"start":{"line":440,"column":4},"end":{"line":449,"column":4}}},"17":{"name":"reclaimVoucher","line":451,"loc":{"start":{"line":451,"column":4},"end":{"line":461,"column":4}}},"18":{"name":"_computeParamsHash","line":465,"loc":{"start":{"line":465,"column":4},"end":{"line":474,"column":4}}},"19":{"name":"computeParamsHash","line":476,"loc":{"start":{"line":476,"column":4},"end":{"line":478,"column":4}}},"20":{"name":"_verifyTransact","line":480,"loc":{"start":{"line":480,"column":4},"end":{"line":507,"column":4}}},"21":{"name":"transact","line":518,"loc":{"start":{"line":509,"column":4},"end":{"line":520,"column":4}}},"22":{"name":"transactWithPermit","line":534,"loc":{"start":{"line":523,"column":4},"end":{"line":539,"column":4}}},"23":{"name":"_transactCore","line":541,"loc":{"start":{"line":541,"column":4},"end":{"line":575,"column":4}}},"24":{"name":"_processPayment","line":577,"loc":{"start":{"line":577,"column":4},"end":{"line":617,"column":4}}},"25":{"name":"voucherFee","line":623,"loc":{"start":{"line":623,"column":4},"end":{"line":625,"column":4}}},"26":{"name":"setPaymaster","line":627,"loc":{"start":{"line":627,"column":4},"end":{"line":631,"column":4}}},"27":{"name":"setRegistrationFee","line":633,"loc":{"start":{"line":633,"column":4},"end":{"line":636,"column":4}}},"28":{"name":"setBaseTokenURI","line":638,"loc":{"start":{"line":638,"column":4},"end":{"line":640,"column":4}}},"29":{"name":"withdrawFees","line":642,"loc":{"start":{"line":642,"column":4},"end":{"line":647,"column":4}}},"30":{"name":"withdrawEntryPointDeposit","line":649,"loc":{"start":{"line":649,"column":4},"end":{"line":651,"column":4}}},"31":{"name":"rescueToken","line":659,"loc":{"start":{"line":659,"column":4},"end":{"line":663,"column":4}}},"32":{"name":"transferAdmin","line":665,"loc":{"start":{"line":665,"column":4},"end":{"line":668,"column":4}}},"33":{"name":"acceptAdmin","line":670,"loc":{"start":{"line":670,"column":4},"end":{"line":676,"column":4}}},"34":{"name":"transferFrom","line":678,"loc":{"start":{"line":678,"column":4},"end":{"line":680,"column":4}}},"35":{"name":"safeTransferFrom","line":682,"loc":{"start":{"line":682,"column":4},"end":{"line":684,"column":4}}},"36":{"name":"_baseURI","line":686,"loc":{"start":{"line":686,"column":4},"end":{"line":688,"column":4}}}},"statementMap":{"1":{"start":{"line":185,"column":8},"end":{"line":185,"column":69}},"2":{"start":{"line":186,"column":8},"end":{"line":186,"column":71}},"3":{"start":{"line":192,"column":8},"end":{"line":192,"column":17}},"4":{"start":{"line":196,"column":8},"end":{"line":196,"column":50}},"5":{"start":{"line":201,"column":8},"end":{"line":201,"column":77}},"6":{"start":{"line":213,"column":8},"end":{"line":213,"column":69}},"7":{"start":{"line":214,"column":8},"end":{"line":214,"column":74}},"8":{"start":{"line":215,"column":8},"end":{"line":215,"column":72}},"9":{"start":{"line":216,"column":8},"end":{"line":216,"column":76}},"10":{"start":{"line":217,"column":8},"end":{"line":217,"column":77}},"11":{"start":{"line":218,"column":8},"end":{"line":218,"column":83}},"12":{"start":{"line":219,"column":8},"end":{"line":219,"column":75}},"13":{"start":{"line":221,"column":8},"end":{"line":221,"column":44}},"14":{"start":{"line":224,"column":8},"end":{"line":224,"column":100}},"15":{"start":{"line":225,"column":8},"end":{"line":225,"column":34}},"16":{"start":{"line":227,"column":8},"end":{"line":227,"column":63}},"17":{"start":{"line":236,"column":8},"end":{"line":236,"column":71}},"18":{"start":{"line":238,"column":8},"end":{"line":238,"column":64}},"19":{"start":{"line":240,"column":8},"end":{"line":240,"column":61}},"20":{"start":{"line":242,"column":8},"end":{"line":242,"column":77}},"21":{"start":{"line":255,"column":8},"end":{"line":255,"column":76}},"22":{"start":{"line":256,"column":8},"end":{"line":256,"column":76}},"23":{"start":{"line":258,"column":8},"end":{"line":258,"column":73}},"24":{"start":{"line":260,"column":8},"end":{"line":260,"column":48}},"25":{"start":{"line":261,"column":8},"end":{"line":261,"column":75}},"26":{"start":{"line":262,"column":8},"end":{"line":262,"column":64}},"27":{"start":{"line":264,"column":8},"end":{"line":264,"column":32}},"28":{"start":{"line":268,"column":8},"end":{"line":268,"column":59}},"29":{"start":{"line":271,"column":8},"end":{"line":271,"column":51}},"30":{"start":{"line":272,"column":8},"end":{"line":272,"column":10417}},"31":{"start":{"line":273,"column":12},"end":{"line":273,"column":60}},"32":{"start":{"line":276,"column":8},"end":{"line":276,"column":77}},"33":{"start":{"line":277,"column":8},"end":{"line":277,"column":40}},"34":{"start":{"line":285,"column":8},"end":{"line":285,"column":76}},"35":{"start":{"line":286,"column":8},"end":{"line":286,"column":84}},"36":{"start":{"line":287,"column":8},"end":{"line":287,"column":80}},"37":{"start":{"line":289,"column":8},"end":{"line":289,"column":51}},"38":{"start":{"line":293,"column":8},"end":{"line":293,"column":129}},"39":{"start":{"line":294,"column":8},"end":{"line":294,"column":34}},"40":{"start":{"line":296,"column":8},"end":{"line":296,"column":62}},"41":{"start":{"line":305,"column":8},"end":{"line":305,"column":73}},"42":{"start":{"line":306,"column":8},"end":{"line":306,"column":45}},"43":{"start":{"line":307,"column":8},"end":{"line":307,"column":53}},"44":{"start":{"line":319,"column":8},"end":{"line":319,"column":76}},"45":{"start":{"line":321,"column":8},"end":{"line":321,"column":84}},"46":{"start":{"line":326,"column":8},"end":{"line":326,"column":52}},"47":{"start":{"line":327,"column":8},"end":{"line":327,"column":24}},"48":{"start":{"line":328,"column":8},"end":{"line":328,"column":12793}},"49":{"start":{"line":332,"column":8},"end":{"line":332,"column":54}},"50":{"start":{"line":333,"column":8},"end":{"line":333,"column":75}},"51":{"start":{"line":342,"column":8},"end":{"line":342,"column":73}},"52":{"start":{"line":344,"column":8},"end":{"line":344,"column":84}},"53":{"start":{"line":347,"column":8},"end":{"line":347,"column":54}},"54":{"start":{"line":348,"column":8},"end":{"line":348,"column":77}},"55":{"start":{"line":355,"column":8},"end":{"line":355,"column":73}},"56":{"start":{"line":357,"column":8},"end":{"line":357,"column":52}},"57":{"start":{"line":358,"column":8},"end":{"line":358,"column":13947}},"58":{"start":{"line":359,"column":12},"end":{"line":359,"column":14005}},"59":{"start":{"line":361,"column":16},"end":{"line":361,"column":14137}},"60":{"start":{"line":364,"column":16},"end":{"line":364,"column":23}},"61":{"start":{"line":371,"column":8},"end":{"line":371,"column":54}},"62":{"start":{"line":372,"column":8},"end":{"line":372,"column":65}},"63":{"start":{"line":376,"column":8},"end":{"line":376,"column":36}},"64":{"start":{"line":382,"column":8},"end":{"line":382,"column":52}},"65":{"start":{"line":383,"column":8},"end":{"line":383,"column":32}},"66":{"start":{"line":384,"column":8},"end":{"line":384,"column":15051}},"67":{"start":{"line":388,"column":8},"end":{"line":388,"column":45}},"68":{"start":{"line":392,"column":8},"end":{"line":392,"column":51}},"69":{"start":{"line":394,"column":8},"end":{"line":394,"column":129}},"70":{"start":{"line":395,"column":8},"end":{"line":395,"column":34}},"71":{"start":{"line":405,"column":8},"end":{"line":405,"column":67}},"72":{"start":{"line":406,"column":8},"end":{"line":406,"column":76}},"73":{"start":{"line":407,"column":8},"end":{"line":407,"column":74}},"74":{"start":{"line":408,"column":8},"end":{"line":408,"column":79}},"75":{"start":{"line":409,"column":8},"end":{"line":409,"column":80}},"76":{"start":{"line":410,"column":8},"end":{"line":410,"column":86}},"77":{"start":{"line":412,"column":8},"end":{"line":412,"column":33}},"78":{"start":{"line":413,"column":8},"end":{"line":413,"column":52}},"79":{"start":{"line":417,"column":12},"end":{"line":417,"column":56}},"80":{"start":{"line":418,"column":12},"end":{"line":418,"column":16631}},"81":{"start":{"line":419,"column":16},"end":{"line":419,"column":33}},"82":{"start":{"line":426,"column":8},"end":{"line":426,"column":51}},"83":{"start":{"line":432,"column":8},"end":{"line":432,"column":106}},"84":{"start":{"line":433,"column":8},"end":{"line":433,"column":34}},"85":{"start":{"line":435,"column":8},"end":{"line":435,"column":83}},"86":{"start":{"line":441,"column":8},"end":{"line":441,"column":104}},"87":{"start":{"line":442,"column":8},"end":{"line":442,"column":92}},"88":{"start":{"line":443,"column":8},"end":{"line":443,"column":92}},"89":{"start":{"line":444,"column":8},"end":{"line":444,"column":96}},"90":{"start":{"line":445,"column":8},"end":{"line":445,"column":95}},"91":{"start":{"line":447,"column":8},"end":{"line":447,"column":60}},"92":{"start":{"line":448,"column":8},"end":{"line":448,"column":70}},"93":{"start":{"line":452,"column":8},"end":{"line":452,"column":48}},"94":{"start":{"line":453,"column":8},"end":{"line":453,"column":66}},"95":{"start":{"line":454,"column":8},"end":{"line":454,"column":67}},"96":{"start":{"line":455,"column":8},"end":{"line":455,"column":67}},"97":{"start":{"line":457,"column":8},"end":{"line":457,"column":33}},"98":{"start":{"line":459,"column":8},"end":{"line":459,"column":57}},"99":{"start":{"line":460,"column":8},"end":{"line":460,"column":61}},"100":{"start":{"line":466,"column":8},"end":{"line":466,"column":18973}},"101":{"start":{"line":477,"column":8},"end":{"line":477,"column":41}},"102":{"start":{"line":490,"column":8},"end":{"line":490,"column":55}},"103":{"start":{"line":492,"column":8},"end":{"line":492,"column":36}},"104":{"start":{"line":503,"column":8},"end":{"line":503,"column":20263}},"105":{"start":{"line":506,"column":8},"end":{"line":506,"column":88}},"106":{"start":{"line":519,"column":8},"end":{"line":519,"column":121}},"107":{"start":{"line":535,"column":8},"end":{"line":535,"column":21408}},"108":{"start":{"line":538,"column":8},"end":{"line":538,"column":121}},"109":{"start":{"line":551,"column":8},"end":{"line":551,"column":77}},"110":{"start":{"line":552,"column":8},"end":{"line":552,"column":84}},"111":{"start":{"line":553,"column":8},"end":{"line":553,"column":80}},"112":{"start":{"line":554,"column":8},"end":{"line":554,"column":80}},"113":{"start":{"line":555,"column":8},"end":{"line":555,"column":80}},"114":{"start":{"line":557,"column":8},"end":{"line":557,"column":58}},"115":{"start":{"line":559,"column":8},"end":{"line":559,"column":22476}},"116":{"start":{"line":567,"column":8},"end":{"line":567,"column":50}},"117":{"start":{"line":568,"column":8},"end":{"line":568,"column":50}},"118":{"start":{"line":570,"column":8},"end":{"line":570,"column":22846}},"119":{"start":{"line":582,"column":8},"end":{"line":582,"column":72}},"120":{"start":{"line":583,"column":8},"end":{"line":583,"column":84}},"121":{"start":{"line":585,"column":8},"end":{"line":585,"column":23398}},"122":{"start":{"line":586,"column":12},"end":{"line":586,"column":23439}},"123":{"start":{"line":587,"column":16},"end":{"line":587,"column":68}},"124":{"start":{"line":588,"column":16},"end":{"line":588,"column":74}},"125":{"start":{"line":590,"column":16},"end":{"line":590,"column":23731}},"126":{"start":{"line":591,"column":20},"end":{"line":591,"column":65}},"127":{"start":{"line":592,"column":20},"end":{"line":592,"column":67}},"128":{"start":{"line":595,"column":16},"end":{"line":595,"column":23964}},"129":{"start":{"line":596,"column":20},"end":{"line":596,"column":77}},"130":{"start":{"line":598,"column":20},"end":{"line":598,"column":72}},"131":{"start":{"line":602,"column":12},"end":{"line":602,"column":59}},"132":{"start":{"line":603,"column":12},"end":{"line":603,"column":58}},"133":{"start":{"line":604,"column":12},"end":{"line":604,"column":68}},"134":{"start":{"line":605,"column":12},"end":{"line":605,"column":24414}},"135":{"start":{"line":606,"column":16},"end":{"line":606,"column":74}},"136":{"start":{"line":608,"column":16},"end":{"line":608,"column":70}},"137":{"start":{"line":609,"column":16},"end":{"line":609,"column":74}},"138":{"start":{"line":610,"column":19},"end":{"line":610,"column":24730}},"139":{"start":{"line":611,"column":16},"end":{"line":611,"column":74}},"140":{"start":{"line":612,"column":16},"end":{"line":612,"column":86}},"141":{"start":{"line":613,"column":16},"end":{"line":613,"column":114}},"142":{"start":{"line":624,"column":8},"end":{"line":624,"column":30}},"143":{"start":{"line":628,"column":8},"end":{"line":628,"column":63}},"144":{"start":{"line":630,"column":8},"end":{"line":630,"column":37}},"145":{"start":{"line":634,"column":8},"end":{"line":634,"column":46}},"146":{"start":{"line":643,"column":8},"end":{"line":643,"column":63}},"147":{"start":{"line":645,"column":8},"end":{"line":645,"column":27}},"148":{"start":{"line":646,"column":8},"end":{"line":646,"column":38}},"149":{"start":{"line":650,"column":8},"end":{"line":650,"column":40}},"150":{"start":{"line":660,"column":8},"end":{"line":660,"column":92}},"151":{"start":{"line":661,"column":8},"end":{"line":661,"column":63}},"152":{"start":{"line":662,"column":8},"end":{"line":662,"column":45}},"153":{"start":{"line":666,"column":8},"end":{"line":666,"column":55}},"154":{"start":{"line":671,"column":8},"end":{"line":671,"column":64}},"155":{"start":{"line":672,"column":8},"end":{"line":672,"column":27}},"156":{"start":{"line":675,"column":8},"end":{"line":675,"column":41}},"157":{"start":{"line":679,"column":8},"end":{"line":679,"column":42}},"158":{"start":{"line":683,"column":8},"end":{"line":683,"column":42}},"159":{"start":{"line":687,"column":8},"end":{"line":687,"column":28}}},"branchMap":{"1":{"line":185,"type":"if","locations":[{"start":{"line":185,"column":8},"end":{"line":185,"column":8}},{"start":{"line":185,"column":8},"end":{"line":185,"column":8}}]},"2":{"line":186,"type":"if","locations":[{"start":{"line":186,"column":8},"end":{"line":186,"column":8}},{"start":{"line":186,"column":8},"end":{"line":186,"column":8}}]},"3":{"line":196,"type":"if","locations":[{"start":{"line":196,"column":8},"end":{"line":196,"column":8}},{"start":{"line":196,"column":8},"end":{"line":196,"column":8}}]},"4":{"line":201,"type":"if","locations":[{"start":{"line":201,"column":8},"end":{"line":201,"column":8}},{"start":{"line":201,"column":8},"end":{"line":201,"column":8}}]},"5":{"line":213,"type":"if","locations":[{"start":{"line":213,"column":8},"end":{"line":213,"column":8}},{"start":{"line":213,"column":8},"end":{"line":213,"column":8}}]},"6":{"line":214,"type":"if","locations":[{"start":{"line":214,"column":8},"end":{"line":214,"column":8}},{"start":{"line":214,"column":8},"end":{"line":214,"column":8}}]},"7":{"line":215,"type":"if","locations":[{"start":{"line":215,"column":8},"end":{"line":215,"column":8}},{"start":{"line":215,"column":8},"end":{"line":215,"column":8}}]},"8":{"line":216,"type":"if","locations":[{"start":{"line":216,"column":8},"end":{"line":216,"column":8}},{"start":{"line":216,"column":8},"end":{"line":216,"column":8}}]},"9":{"line":217,"type":"if","locations":[{"start":{"line":217,"column":8},"end":{"line":217,"column":8}},{"start":{"line":217,"column":8},"end":{"line":217,"column":8}}]},"10":{"line":218,"type":"if","locations":[{"start":{"line":218,"column":8},"end":{"line":218,"column":8}},{"start":{"line":218,"column":8},"end":{"line":218,"column":8}}]},"11":{"line":219,"type":"if","locations":[{"start":{"line":219,"column":8},"end":{"line":219,"column":8}},{"start":{"line":219,"column":8},"end":{"line":219,"column":8}}]},"12":{"line":235,"type":"if","locations":[{"start":{"line":235,"column":23},"end":{"line":235,"column":23}},{"start":{"line":235,"column":23},"end":{"line":235,"column":23}}]},"13":{"line":236,"type":"if","locations":[{"start":{"line":236,"column":8},"end":{"line":236,"column":8}},{"start":{"line":236,"column":8},"end":{"line":236,"column":8}}]},"14":{"line":254,"type":"if","locations":[{"start":{"line":254,"column":15},"end":{"line":254,"column":15}},{"start":{"line":254,"column":15},"end":{"line":254,"column":15}}]},"15":{"line":258,"type":"if","locations":[{"start":{"line":258,"column":8},"end":{"line":258,"column":8}},{"start":{"line":258,"column":8},"end":{"line":258,"column":8}}]},"16":{"line":261,"type":"if","locations":[{"start":{"line":261,"column":8},"end":{"line":261,"column":8}},{"start":{"line":261,"column":8},"end":{"line":261,"column":8}}]},"17":{"line":262,"type":"if","locations":[{"start":{"line":262,"column":8},"end":{"line":262,"column":8}},{"start":{"line":262,"column":8},"end":{"line":262,"column":8}}]},"18":{"line":272,"type":"if","locations":[{"start":{"line":272,"column":8},"end":{"line":272,"column":8}},{"start":{"line":272,"column":8},"end":{"line":272,"column":8}}]},"19":{"line":284,"type":"if","locations":[{"start":{"line":284,"column":15},"end":{"line":284,"column":15}},{"start":{"line":284,"column":15},"end":{"line":284,"column":15}}]},"20":{"line":285,"type":"if","locations":[{"start":{"line":285,"column":8},"end":{"line":285,"column":8}},{"start":{"line":285,"column":8},"end":{"line":285,"column":8}}]},"21":{"line":286,"type":"if","locations":[{"start":{"line":286,"column":8},"end":{"line":286,"column":8}},{"start":{"line":286,"column":8},"end":{"line":286,"column":8}}]},"22":{"line":287,"type":"if","locations":[{"start":{"line":287,"column":8},"end":{"line":287,"column":8}},{"start":{"line":287,"column":8},"end":{"line":287,"column":8}}]},"23":{"line":304,"type":"if","locations":[{"start":{"line":304,"column":15},"end":{"line":304,"column":15}},{"start":{"line":304,"column":15},"end":{"line":304,"column":15}}]},"24":{"line":305,"type":"if","locations":[{"start":{"line":305,"column":8},"end":{"line":305,"column":8}},{"start":{"line":305,"column":8},"end":{"line":305,"column":8}}]},"25":{"line":318,"type":"if","locations":[{"start":{"line":318,"column":15},"end":{"line":318,"column":15}},{"start":{"line":318,"column":15},"end":{"line":318,"column":15}}]},"26":{"line":319,"type":"if","locations":[{"start":{"line":319,"column":8},"end":{"line":319,"column":8}},{"start":{"line":319,"column":8},"end":{"line":319,"column":8}}]},"27":{"line":341,"type":"if","locations":[{"start":{"line":341,"column":15},"end":{"line":341,"column":15}},{"start":{"line":341,"column":15},"end":{"line":341,"column":15}}]},"28":{"line":342,"type":"if","locations":[{"start":{"line":342,"column":8},"end":{"line":342,"column":8}},{"start":{"line":342,"column":8},"end":{"line":342,"column":8}}]},"29":{"line":354,"type":"if","locations":[{"start":{"line":354,"column":15},"end":{"line":354,"column":15}},{"start":{"line":354,"column":15},"end":{"line":354,"column":15}}]},"30":{"line":355,"type":"if","locations":[{"start":{"line":355,"column":8},"end":{"line":355,"column":8}},{"start":{"line":355,"column":8},"end":{"line":355,"column":8}}]},"31":{"line":359,"type":"if","locations":[{"start":{"line":359,"column":12},"end":{"line":359,"column":12}},{"start":{"line":359,"column":12},"end":{"line":359,"column":12}}]},"32":{"line":404,"type":"if","locations":[{"start":{"line":404,"column":15},"end":{"line":404,"column":15}},{"start":{"line":404,"column":15},"end":{"line":404,"column":15}}]},"33":{"line":405,"type":"if","locations":[{"start":{"line":405,"column":8},"end":{"line":405,"column":8}},{"start":{"line":405,"column":8},"end":{"line":405,"column":8}}]},"34":{"line":406,"type":"if","locations":[{"start":{"line":406,"column":8},"end":{"line":406,"column":8}},{"start":{"line":406,"column":8},"end":{"line":406,"column":8}}]},"35":{"line":407,"type":"if","locations":[{"start":{"line":407,"column":8},"end":{"line":407,"column":8}},{"start":{"line":407,"column":8},"end":{"line":407,"column":8}}]},"36":{"line":408,"type":"if","locations":[{"start":{"line":408,"column":8},"end":{"line":408,"column":8}},{"start":{"line":408,"column":8},"end":{"line":408,"column":8}}]},"37":{"line":409,"type":"if","locations":[{"start":{"line":409,"column":8},"end":{"line":409,"column":8}},{"start":{"line":409,"column":8},"end":{"line":409,"column":8}}]},"38":{"line":410,"type":"if","locations":[{"start":{"line":410,"column":8},"end":{"line":410,"column":8}},{"start":{"line":410,"column":8},"end":{"line":410,"column":8}}]},"39":{"line":441,"type":"if","locations":[{"start":{"line":441,"column":8},"end":{"line":441,"column":8}},{"start":{"line":441,"column":8},"end":{"line":441,"column":8}}]},"40":{"line":442,"type":"if","locations":[{"start":{"line":442,"column":8},"end":{"line":442,"column":8}},{"start":{"line":442,"column":8},"end":{"line":442,"column":8}}]},"41":{"line":443,"type":"if","locations":[{"start":{"line":443,"column":8},"end":{"line":443,"column":8}},{"start":{"line":443,"column":8},"end":{"line":443,"column":8}}]},"42":{"line":444,"type":"if","locations":[{"start":{"line":444,"column":8},"end":{"line":444,"column":8}},{"start":{"line":444,"column":8},"end":{"line":444,"column":8}}]},"43":{"line":445,"type":"if","locations":[{"start":{"line":445,"column":8},"end":{"line":445,"column":8}},{"start":{"line":445,"column":8},"end":{"line":445,"column":8}}]},"44":{"line":453,"type":"if","locations":[{"start":{"line":453,"column":8},"end":{"line":453,"column":8}},{"start":{"line":453,"column":8},"end":{"line":453,"column":8}}]},"45":{"line":454,"type":"if","locations":[{"start":{"line":454,"column":8},"end":{"line":454,"column":8}},{"start":{"line":454,"column":8},"end":{"line":454,"column":8}}]},"46":{"line":455,"type":"if","locations":[{"start":{"line":455,"column":8},"end":{"line":455,"column":8}},{"start":{"line":455,"column":8},"end":{"line":455,"column":8}}]},"47":{"line":506,"type":"if","locations":[{"start":{"line":506,"column":8},"end":{"line":506,"column":8}},{"start":{"line":506,"column":8},"end":{"line":506,"column":8}}]},"48":{"line":518,"type":"if","locations":[{"start":{"line":518,"column":23},"end":{"line":518,"column":23}},{"start":{"line":518,"column":23},"end":{"line":518,"column":23}}]},"49":{"line":534,"type":"if","locations":[{"start":{"line":534,"column":23},"end":{"line":534,"column":23}},{"start":{"line":534,"column":23},"end":{"line":534,"column":23}}]},"50":{"line":551,"type":"if","locations":[{"start":{"line":551,"column":8},"end":{"line":551,"column":8}},{"start":{"line":551,"column":8},"end":{"line":551,"column":8}}]},"51":{"line":552,"type":"if","locations":[{"start":{"line":552,"column":8},"end":{"line":552,"column":8}},{"start":{"line":552,"column":8},"end":{"line":552,"column":8}}]},"52":{"line":553,"type":"if","locations":[{"start":{"line":553,"column":8},"end":{"line":553,"column":8}},{"start":{"line":553,"column":8},"end":{"line":553,"column":8}}]},"53":{"line":554,"type":"if","locations":[{"start":{"line":554,"column":8},"end":{"line":554,"column":8}},{"start":{"line":554,"column":8},"end":{"line":554,"column":8}}]},"54":{"line":555,"type":"if","locations":[{"start":{"line":555,"column":8},"end":{"line":555,"column":8}},{"start":{"line":555,"column":8},"end":{"line":555,"column":8}}]},"55":{"line":583,"type":"if","locations":[{"start":{"line":583,"column":41},"end":{"line":583,"column":68}},{"start":{"line":583,"column":72},"end":{"line":583,"column":83}}]},"56":{"line":585,"type":"if","locations":[{"start":{"line":585,"column":8},"end":{"line":585,"column":8}},{"start":{"line":585,"column":8},"end":{"line":585,"column":8}}]},"57":{"line":586,"type":"if","locations":[{"start":{"line":586,"column":12},"end":{"line":586,"column":12}},{"start":{"line":586,"column":12},"end":{"line":586,"column":12}}]},"58":{"line":587,"type":"if","locations":[{"start":{"line":587,"column":16},"end":{"line":587,"column":16}},{"start":{"line":587,"column":16},"end":{"line":587,"column":16}}]},"59":{"line":588,"type":"if","locations":[{"start":{"line":588,"column":16},"end":{"line":588,"column":16}},{"start":{"line":588,"column":16},"end":{"line":588,"column":16}}]},"60":{"line":590,"type":"if","locations":[{"start":{"line":590,"column":16},"end":{"line":590,"column":16}},{"start":{"line":590,"column":16},"end":{"line":590,"column":16}}]},"61":{"line":595,"type":"if","locations":[{"start":{"line":595,"column":16},"end":{"line":595,"column":16}},{"start":{"line":595,"column":16},"end":{"line":595,"column":16}}]},"62":{"line":596,"type":"if","locations":[{"start":{"line":596,"column":20},"end":{"line":596,"column":20}},{"start":{"line":596,"column":20},"end":{"line":596,"column":20}}]},"63":{"line":598,"type":"if","locations":[{"start":{"line":598,"column":20},"end":{"line":598,"column":20}},{"start":{"line":598,"column":20},"end":{"line":598,"column":20}}]},"64":{"line":602,"type":"if","locations":[{"start":{"line":602,"column":12},"end":{"line":602,"column":12}},{"start":{"line":602,"column":12},"end":{"line":602,"column":12}}]},"65":{"line":604,"type":"if","locations":[{"start":{"line":604,"column":12},"end":{"line":604,"column":12}},{"start":{"line":604,"column":12},"end":{"line":604,"column":12}}]},"66":{"line":605,"type":"if","locations":[{"start":{"line":605,"column":12},"end":{"line":605,"column":12}},{"start":{"line":605,"column":12},"end":{"line":605,"column":12}}]},"67":{"line":606,"type":"if","locations":[{"start":{"line":606,"column":16},"end":{"line":606,"column":16}},{"start":{"line":606,"column":16},"end":{"line":606,"column":16}}]},"68":{"line":610,"type":"if","locations":[{"start":{"line":610,"column":19},"end":{"line":610,"column":19}},{"start":{"line":610,"column":19},"end":{"line":610,"column":19}}]},"69":{"line":613,"type":"if","locations":[{"start":{"line":613,"column":16},"end":{"line":613,"column":16}},{"start":{"line":613,"column":16},"end":{"line":613,"column":16}}]},"70":{"line":627,"type":"if","locations":[{"start":{"line":627,"column":55},"end":{"line":627,"column":55}},{"start":{"line":627,"column":55},"end":{"line":627,"column":55}}]},"71":{"line":628,"type":"if","locations":[{"start":{"line":628,"column":8},"end":{"line":628,"column":8}},{"start":{"line":628,"column":8},"end":{"line":628,"column":8}}]},"72":{"line":633,"type":"if","locations":[{"start":{"line":633,"column":55},"end":{"line":633,"column":55}},{"start":{"line":633,"column":55},"end":{"line":633,"column":55}}]},"73":{"line":638,"type":"if","locations":[{"start":{"line":638,"column":61},"end":{"line":638,"column":61}},{"start":{"line":638,"column":61},"end":{"line":638,"column":61}}]},"74":{"line":642,"type":"if","locations":[{"start":{"line":642,"column":71},"end":{"line":642,"column":71}},{"start":{"line":642,"column":71},"end":{"line":642,"column":71}}]},"75":{"line":643,"type":"if","locations":[{"start":{"line":643,"column":8},"end":{"line":643,"column":8}},{"start":{"line":643,"column":8},"end":{"line":643,"column":8}}]},"76":{"line":649,"type":"if","locations":[{"start":{"line":649,"column":84},"end":{"line":649,"column":84}},{"start":{"line":649,"column":84},"end":{"line":649,"column":84}}]},"77":{"line":659,"type":"if","locations":[{"start":{"line":659,"column":77},"end":{"line":659,"column":77}},{"start":{"line":659,"column":77},"end":{"line":659,"column":77}}]},"78":{"line":661,"type":"if","locations":[{"start":{"line":661,"column":8},"end":{"line":661,"column":8}},{"start":{"line":661,"column":8},"end":{"line":661,"column":8}}]},"79":{"line":665,"type":"if","locations":[{"start":{"line":665,"column":52},"end":{"line":665,"column":52}},{"start":{"line":665,"column":52},"end":{"line":665,"column":52}}]},"80":{"line":666,"type":"if","locations":[{"start":{"line":666,"column":8},"end":{"line":666,"column":8}},{"start":{"line":666,"column":8},"end":{"line":666,"column":8}}]},"81":{"line":671,"type":"if","locations":[{"start":{"line":671,"column":8},"end":{"line":671,"column":8}},{"start":{"line":671,"column":8},"end":{"line":671,"column":8}}]},"82":{"line":694,"type":"if","locations":[{"start":{"line":694,"column":8},"end":{"line":694,"column":8}},{"start":{"line":694,"column":8},"end":{"line":694,"column":8}}]}}},"contracts/HaliasAccountImpl.sol":{"l":{"32":14,"42":5,"44":4,"45":4,"46":4,"50":4,"52":0,"53":0,"59":3,"60":2,"61":2,"62":1,"72":5,"73":4,"74":2,"75":2,"76":2,"77":0},"path":"/mnt/e/Github/halias/packages/protocol/contracts/HaliasAccountImpl.sol","s":{"1":5,"2":4,"3":4,"4":4,"5":0,"6":3,"7":2,"8":2,"9":5,"10":4,"11":2,"12":2,"13":2},"b":{"1":[1,4],"2":[0,4],"3":[0,4],"4":[1,2],"5":[1,1],"6":[1,4],"7":[2,2],"8":[1,1],"9":[0,2]},"f":{"1":14,"2":5,"3":3,"4":5},"fnMap":{"1":{"name":"constructor","line":31,"loc":{"start":{"line":31,"column":4},"end":{"line":33,"column":4}}},"2":{"name":"validateUserOp","line":37,"loc":{"start":{"line":37,"column":4},"end":{"line":55,"column":4}}},"3":{"name":"execute","line":58,"loc":{"start":{"line":58,"column":4},"end":{"line":64,"column":4}}},"4":{"name":"executeBatch","line":67,"loc":{"start":{"line":67,"column":4},"end":{"line":80,"column":4}}}},"statementMap":{"1":{"start":{"line":42,"column":8},"end":{"line":42,"column":69}},"2":{"start":{"line":44,"column":8},"end":{"line":44,"column":74}},"3":{"start":{"line":45,"column":8},"end":{"line":45,"column":85}},"4":{"start":{"line":50,"column":8},"end":{"line":50,"column":2120}},"5":{"start":{"line":52,"column":12},"end":{"line":52,"column":81}},"6":{"start":{"line":59,"column":8},"end":{"line":59,"column":69}},"7":{"start":{"line":60,"column":8},"end":{"line":60,"column":72}},"8":{"start":{"line":61,"column":8},"end":{"line":61,"column":2651}},"9":{"start":{"line":72,"column":8},"end":{"line":72,"column":69}},"10":{"start":{"line":73,"column":8},"end":{"line":73,"column":106}},"11":{"start":{"line":74,"column":8},"end":{"line":74,"column":3108}},"12":{"start":{"line":75,"column":12},"end":{"line":75,"column":88}},"13":{"start":{"line":76,"column":12},"end":{"line":76,"column":3261}}},"branchMap":{"1":{"line":42,"type":"if","locations":[{"start":{"line":42,"column":8},"end":{"line":42,"column":8}},{"start":{"line":42,"column":8},"end":{"line":42,"column":8}}]},"2":{"line":47,"type":"if","locations":[{"start":{"line":47,"column":14},"end":{"line":47,"column":14}},{"start":{"line":48,"column":14},"end":{"line":48,"column":34}}]},"3":{"line":50,"type":"if","locations":[{"start":{"line":50,"column":8},"end":{"line":50,"column":8}},{"start":{"line":50,"column":8},"end":{"line":50,"column":8}}]},"4":{"line":59,"type":"if","locations":[{"start":{"line":59,"column":8},"end":{"line":59,"column":8}},{"start":{"line":59,"column":8},"end":{"line":59,"column":8}}]},"5":{"line":61,"type":"if","locations":[{"start":{"line":61,"column":8},"end":{"line":61,"column":8}},{"start":{"line":61,"column":8},"end":{"line":61,"column":8}}]},"6":{"line":72,"type":"if","locations":[{"start":{"line":72,"column":8},"end":{"line":72,"column":8}},{"start":{"line":72,"column":8},"end":{"line":72,"column":8}}]},"7":{"line":73,"type":"if","locations":[{"start":{"line":73,"column":8},"end":{"line":73,"column":8}},{"start":{"line":73,"column":8},"end":{"line":73,"column":8}}]},"8":{"line":73,"type":"cond-expr","locations":[{"start":{"line":73,"column":12},"end":{"line":73,"column":42}},{"start":{"line":73,"column":47},"end":{"line":73,"column":75}}]},"9":{"line":76,"type":"if","locations":[{"start":{"line":76,"column":12},"end":{"line":76,"column":12}},{"start":{"line":76,"column":12},"end":{"line":76,"column":12}}]}}},"contracts/HaliasPaymaster.sol":{"l":{"60":53,"61":53,"62":53,"67":2,"68":1,"78":14,"79":13,"81":12,"83":12,"84":7,"86":4,"88":1,"98":7,"99":0,"100":0,"101":0,"102":0,"106":7,"111":6,"113":5,"115":5,"116":4,"118":3,"119":3,"121":2,"122":2,"124":1,"132":4,"134":3,"137":0,"138":0,"139":0,"140":0,"146":3,"147":3,"149":3,"150":3,"151":3,"152":2,"153":2,"156":1,"167":5,"169":4,"171":4,"174":3,"175":2,"176":2,"190":6,"191":6,"192":6,"196":6,"212":4,"213":4,"214":4,"215":4,"216":4,"217":4,"223":4,"254":5,"267":0,"271":1,"275":1},"path":"/mnt/e/Github/halias/packages/protocol/contracts/HaliasPaymaster.sol","s":{"1":2,"2":14,"3":13,"4":12,"5":12,"6":7,"7":5,"8":4,"9":7,"10":0,"11":0,"12":0,"13":0,"14":0,"15":7,"16":6,"17":5,"18":5,"19":4,"20":3,"21":3,"22":2,"23":2,"24":1,"25":4,"26":3,"27":0,"28":0,"29":0,"30":0,"31":0,"32":3,"33":3,"34":3,"35":3,"36":3,"37":2,"38":2,"39":1,"40":5,"41":4,"42":4,"43":3,"44":2,"45":2,"46":1,"47":6,"48":6,"49":6,"50":4,"51":0,"52":4,"53":4,"54":4,"55":4,"56":4,"57":0,"58":1,"59":1},"b":{"1":[1,1],"2":[2,0],"3":[1,1],"4":[1,13],"5":[1,12],"6":[7,5],"7":[4,1],"8":[0,7],"9":[0,0],"10":[0,0],"11":[1,6],"12":[1,4],"13":[1,3],"14":[1,2],"15":[1,1],"16":[1,3],"17":[0,3],"18":[0,0],"19":[0,0],"20":[0,3],"21":[1,2],"22":[1,1],"23":[1,4],"24":[3,1],"25":[2,1],"26":[1,1],"27":[1,5],"28":[0,1],"29":[0,4],"30":[0,0],"31":[1,0],"32":[1,1]},"f":{"1":53,"2":1,"3":2,"4":14,"5":7,"6":4,"7":5,"8":6,"9":4,"10":5,"11":0,"12":1,"13":1},"fnMap":{"1":{"name":"constructor","line":59,"loc":{"start":{"line":59,"column":4},"end":{"line":63,"column":4}}},"2":{"name":"setRelayer","line":65,"loc":{"start":{"line":65,"column":4},"end":{"line":65,"column":83}}},"3":{"name":"setHalias","line":66,"loc":{"start":{"line":66,"column":4},"end":{"line":69,"column":4}}},"4":{"name":"validatePaymasterUserOp","line":73,"loc":{"start":{"line":73,"column":4},"end":{"line":90,"column":4}}},"5":{"name":"_validatePoolNote","line":92,"loc":{"start":{"line":92,"column":4},"end":{"line":125,"column":4}}},"6":{"name":"_validateVoucher","line":127,"loc":{"start":{"line":127,"column":4},"end":{"line":157,"column":4}}},"7":{"name":"postOp","line":161,"loc":{"start":{"line":161,"column":4},"end":{"line":185,"column":4}}},"8":{"name":"_requireExecuteTargetIsHalias","line":189,"loc":{"start":{"line":189,"column":4},"end":{"line":197,"column":4}}},"9":{"name":"_isRegisterWithVoucherCall","line":211,"loc":{"start":{"line":211,"column":4},"end":{"line":227,"column":4}}},"10":{"name":"_decodeTransactRecipient","line":253,"loc":{"start":{"line":253,"column":4},"end":{"line":261,"column":4}}},"11":{"name":"addStakeToEntryPoint","line":266,"loc":{"start":{"line":266,"column":4},"end":{"line":268,"column":4}}},"12":{"name":"withdrawEntryPointDeposit","line":270,"loc":{"start":{"line":270,"column":4},"end":{"line":272,"column":4}}},"13":{"name":"withdrawBalance","line":274,"loc":{"start":{"line":274,"column":4},"end":{"line":276,"column":4}}}},"statementMap":{"1":{"start":{"line":67,"column":8},"end":{"line":67,"column":55}},"2":{"start":{"line":78,"column":8},"end":{"line":78,"column":69}},"3":{"start":{"line":79,"column":8},"end":{"line":79,"column":79}},"4":{"start":{"line":81,"column":8},"end":{"line":81,"column":59}},"5":{"start":{"line":83,"column":8},"end":{"line":83,"column":3367}},"6":{"start":{"line":84,"column":12},"end":{"line":84,"column":65}},"7":{"start":{"line":85,"column":15},"end":{"line":85,"column":3483}},"8":{"start":{"line":86,"column":12},"end":{"line":86,"column":64}},"9":{"start":{"line":98,"column":8},"end":{"line":98,"column":3919}},"10":{"start":{"line":99,"column":12},"end":{"line":99,"column":83}},"11":{"start":{"line":100,"column":12},"end":{"line":100,"column":61}},"12":{"start":{"line":101,"column":12},"end":{"line":101,"column":78}},"13":{"start":{"line":102,"column":12},"end":{"line":102,"column":89}},"14":{"start":{"line":102,"column":75},"end":{"line":102,"column":89}},"15":{"start":{"line":106,"column":8},"end":{"line":106,"column":67}},"16":{"start":{"line":111,"column":8},"end":{"line":111,"column":53}},"17":{"start":{"line":113,"column":8},"end":{"line":113,"column":115}},"18":{"start":{"line":115,"column":8},"end":{"line":115,"column":81}},"19":{"start":{"line":116,"column":8},"end":{"line":116,"column":66}},"20":{"start":{"line":118,"column":8},"end":{"line":118,"column":72}},"21":{"start":{"line":119,"column":8},"end":{"line":119,"column":54}},"22":{"start":{"line":121,"column":8},"end":{"line":121,"column":54}},"23":{"start":{"line":122,"column":8},"end":{"line":122,"column":59}},"24":{"start":{"line":124,"column":8},"end":{"line":124,"column":73}},"25":{"start":{"line":132,"column":8},"end":{"line":132,"column":93}},"26":{"start":{"line":134,"column":8},"end":{"line":134,"column":5609}},"27":{"start":{"line":137,"column":12},"end":{"line":137,"column":83}},"28":{"start":{"line":138,"column":12},"end":{"line":138,"column":61}},"29":{"start":{"line":139,"column":12},"end":{"line":139,"column":78}},"30":{"start":{"line":140,"column":12},"end":{"line":140,"column":89}},"31":{"start":{"line":140,"column":75},"end":{"line":140,"column":89}},"32":{"start":{"line":146,"column":12},"end":{"line":146,"column":83}},"33":{"start":{"line":147,"column":12},"end":{"line":147,"column":72}},"34":{"start":{"line":149,"column":12},"end":{"line":149,"column":83}},"35":{"start":{"line":150,"column":12},"end":{"line":150,"column":84}},"36":{"start":{"line":151,"column":12},"end":{"line":151,"column":69}},"37":{"start":{"line":152,"column":12},"end":{"line":152,"column":59}},"38":{"start":{"line":153,"column":12},"end":{"line":153,"column":82}},"39":{"start":{"line":156,"column":8},"end":{"line":156,"column":63}},"40":{"start":{"line":167,"column":8},"end":{"line":167,"column":69}},"41":{"start":{"line":169,"column":8},"end":{"line":169,"column":78}},"42":{"start":{"line":171,"column":8},"end":{"line":171,"column":7568}},"43":{"start":{"line":174,"column":12},"end":{"line":174,"column":7786}},"44":{"start":{"line":175,"column":16},"end":{"line":175,"column":49}},"45":{"start":{"line":176,"column":16},"end":{"line":176,"column":88}},"46":{"start":{"line":176,"column":35},"end":{"line":176,"column":87}},"47":{"start":{"line":190,"column":8},"end":{"line":190,"column":23}},"48":{"start":{"line":191,"column":8},"end":{"line":191,"column":26}},"49":{"start":{"line":196,"column":8},"end":{"line":196,"column":95}},"50":{"start":{"line":212,"column":8},"end":{"line":212,"column":41}},"51":{"start":{"line":212,"column":29},"end":{"line":212,"column":41}},"52":{"start":{"line":213,"column":8},"end":{"line":213,"column":23}},"53":{"start":{"line":214,"column":8},"end":{"line":214,"column":22}},"54":{"start":{"line":215,"column":8},"end":{"line":215,"column":21}},"55":{"start":{"line":216,"column":8},"end":{"line":216,"column":24}},"56":{"start":{"line":223,"column":8},"end":{"line":223,"column":10002}},"57":{"start":{"line":267,"column":8},"end":{"line":267,"column":61}},"58":{"start":{"line":271,"column":8},"end":{"line":271,"column":40}},"59":{"start":{"line":275,"column":8},"end":{"line":275,"column":51}}},"branchMap":{"1":{"line":65,"type":"if","locations":[{"start":{"line":65,"column":51},"end":{"line":65,"column":51}},{"start":{"line":65,"column":51},"end":{"line":65,"column":51}}]},"2":{"line":66,"type":"if","locations":[{"start":{"line":66,"column":49},"end":{"line":66,"column":49}},{"start":{"line":66,"column":49},"end":{"line":66,"column":49}}]},"3":{"line":67,"type":"if","locations":[{"start":{"line":67,"column":8},"end":{"line":67,"column":8}},{"start":{"line":67,"column":8},"end":{"line":67,"column":8}}]},"4":{"line":78,"type":"if","locations":[{"start":{"line":78,"column":8},"end":{"line":78,"column":8}},{"start":{"line":78,"column":8},"end":{"line":78,"column":8}}]},"5":{"line":79,"type":"if","locations":[{"start":{"line":79,"column":8},"end":{"line":79,"column":8}},{"start":{"line":79,"column":8},"end":{"line":79,"column":8}}]},"6":{"line":83,"type":"if","locations":[{"start":{"line":83,"column":8},"end":{"line":83,"column":8}},{"start":{"line":83,"column":8},"end":{"line":83,"column":8}}]},"7":{"line":85,"type":"if","locations":[{"start":{"line":85,"column":15},"end":{"line":85,"column":15}},{"start":{"line":85,"column":15},"end":{"line":85,"column":15}}]},"8":{"line":98,"type":"if","locations":[{"start":{"line":98,"column":8},"end":{"line":98,"column":8}},{"start":{"line":98,"column":8},"end":{"line":98,"column":8}}]},"9":{"line":99,"type":"if","locations":[{"start":{"line":99,"column":12},"end":{"line":99,"column":12}},{"start":{"line":99,"column":12},"end":{"line":99,"column":12}}]},"10":{"line":102,"type":"if","locations":[{"start":{"line":102,"column":12},"end":{"line":102,"column":12}},{"start":{"line":102,"column":12},"end":{"line":102,"column":12}}]},"11":{"line":106,"type":"if","locations":[{"start":{"line":106,"column":8},"end":{"line":106,"column":8}},{"start":{"line":106,"column":8},"end":{"line":106,"column":8}}]},"12":{"line":115,"type":"if","locations":[{"start":{"line":115,"column":8},"end":{"line":115,"column":8}},{"start":{"line":115,"column":8},"end":{"line":115,"column":8}}]},"13":{"line":116,"type":"if","locations":[{"start":{"line":116,"column":8},"end":{"line":116,"column":8}},{"start":{"line":116,"column":8},"end":{"line":116,"column":8}}]},"14":{"line":119,"type":"if","locations":[{"start":{"line":119,"column":8},"end":{"line":119,"column":8}},{"start":{"line":119,"column":8},"end":{"line":119,"column":8}}]},"15":{"line":122,"type":"if","locations":[{"start":{"line":122,"column":8},"end":{"line":122,"column":8}},{"start":{"line":122,"column":8},"end":{"line":122,"column":8}}]},"16":{"line":132,"type":"if","locations":[{"start":{"line":132,"column":8},"end":{"line":132,"column":8}},{"start":{"line":132,"column":8},"end":{"line":132,"column":8}}]},"17":{"line":134,"type":"if","locations":[{"start":{"line":134,"column":8},"end":{"line":134,"column":8}},{"start":{"line":134,"column":8},"end":{"line":134,"column":8}}]},"18":{"line":137,"type":"if","locations":[{"start":{"line":137,"column":12},"end":{"line":137,"column":12}},{"start":{"line":137,"column":12},"end":{"line":137,"column":12}}]},"19":{"line":140,"type":"if","locations":[{"start":{"line":140,"column":12},"end":{"line":140,"column":12}},{"start":{"line":140,"column":12},"end":{"line":140,"column":12}}]},"20":{"line":146,"type":"if","locations":[{"start":{"line":146,"column":12},"end":{"line":146,"column":12}},{"start":{"line":146,"column":12},"end":{"line":146,"column":12}}]},"21":{"line":151,"type":"if","locations":[{"start":{"line":151,"column":12},"end":{"line":151,"column":12}},{"start":{"line":151,"column":12},"end":{"line":151,"column":12}}]},"22":{"line":153,"type":"if","locations":[{"start":{"line":153,"column":12},"end":{"line":153,"column":12}},{"start":{"line":153,"column":12},"end":{"line":153,"column":12}}]},"23":{"line":167,"type":"if","locations":[{"start":{"line":167,"column":8},"end":{"line":167,"column":8}},{"start":{"line":167,"column":8},"end":{"line":167,"column":8}}]},"24":{"line":171,"type":"if","locations":[{"start":{"line":171,"column":8},"end":{"line":171,"column":8}},{"start":{"line":171,"column":8},"end":{"line":171,"column":8}}]},"25":{"line":174,"type":"if","locations":[{"start":{"line":174,"column":12},"end":{"line":174,"column":12}},{"start":{"line":174,"column":12},"end":{"line":174,"column":12}}]},"26":{"line":176,"type":"if","locations":[{"start":{"line":176,"column":16},"end":{"line":176,"column":16}},{"start":{"line":176,"column":16},"end":{"line":176,"column":16}}]},"27":{"line":196,"type":"if","locations":[{"start":{"line":196,"column":8},"end":{"line":196,"column":8}},{"start":{"line":196,"column":8},"end":{"line":196,"column":8}}]},"28":{"line":196,"type":"cond-expr","locations":[{"start":{"line":196,"column":12},"end":{"line":196,"column":39}},{"start":{"line":196,"column":44},"end":{"line":196,"column":63}}]},"29":{"line":212,"type":"if","locations":[{"start":{"line":212,"column":8},"end":{"line":212,"column":8}},{"start":{"line":212,"column":8},"end":{"line":212,"column":8}}]},"30":{"line":266,"type":"if","locations":[{"start":{"line":266,"column":75},"end":{"line":266,"column":75}},{"start":{"line":266,"column":75},"end":{"line":266,"column":75}}]},"31":{"line":270,"type":"if","locations":[{"start":{"line":270,"column":84},"end":{"line":270,"column":84}},{"start":{"line":270,"column":84},"end":{"line":270,"column":84}}]},"32":{"line":274,"type":"if","locations":[{"start":{"line":274,"column":58},"end":{"line":274,"column":58}},{"start":{"line":274,"column":58},"end":{"line":274,"column":58}}]}}},"contracts/MerkleTreeWithHistory.sol":{"l":{"20":142,"21":142,"22":4544,"23":4544,"24":4544,"26":142,"30":29,"31":28,"32":28,"34":28,"35":28,"36":896,"37":872,"38":872,"40":24,"42":896,"45":28,"46":28,"47":28,"48":28,"52":5440,"53":5440,"57":27,"58":26,"59":26,"64":0,"68":16},"path":"/mnt/e/Github/halias/packages/protocol/contracts/MerkleTreeWithHistory.sol","s":{"1":142,"2":142,"3":29,"4":28,"5":28,"6":28,"7":28,"8":896,"9":28,"10":5440,"11":5440,"12":27,"13":1,"14":26,"15":0,"16":16},"b":{"1":[1,28],"2":[0,28],"3":[872,24],"4":[1,26]},"f":{"1":142,"2":29,"3":5440,"4":27,"5":16},"fnMap":{"1":{"name":"constructor","line":19,"loc":{"start":{"line":19,"column":4},"end":{"line":27,"column":4}}},"2":{"name":"_insert","line":29,"loc":{"start":{"line":29,"column":4},"end":{"line":49,"column":4}}},"3":{"name":"_hashLeftRight","line":51,"loc":{"start":{"line":51,"column":4},"end":{"line":54,"column":4}}},"4":{"name":"isKnownPoolRoot","line":56,"loc":{"start":{"line":56,"column":4},"end":{"line":65,"column":4}}},"5":{"name":"getLastRoot","line":67,"loc":{"start":{"line":67,"column":4},"end":{"line":69,"column":4}}}},"statementMap":{"1":{"start":{"line":20,"column":8},"end":{"line":20,"column":40}},"2":{"start":{"line":21,"column":8},"end":{"line":21,"column":575}},"3":{"start":{"line":30,"column":8},"end":{"line":30,"column":55}},"4":{"start":{"line":31,"column":8},"end":{"line":31,"column":61}},"5":{"start":{"line":32,"column":8},"end":{"line":32,"column":39}},"6":{"start":{"line":34,"column":8},"end":{"line":34,"column":34}},"7":{"start":{"line":35,"column":8},"end":{"line":35,"column":1090}},"8":{"start":{"line":36,"column":12},"end":{"line":36,"column":1144}},"9":{"start":{"line":48,"column":8},"end":{"line":48,"column":28}},"10":{"start":{"line":52,"column":8},"end":{"line":52,"column":73}},"11":{"start":{"line":53,"column":8},"end":{"line":53,"column":30}},"12":{"start":{"line":57,"column":8},"end":{"line":57,"column":44}},"13":{"start":{"line":57,"column":32},"end":{"line":57,"column":44}},"14":{"start":{"line":58,"column":8},"end":{"line":58,"column":35}},"15":{"start":{"line":64,"column":8},"end":{"line":64,"column":20}},"16":{"start":{"line":68,"column":8},"end":{"line":68,"column":38}}},"branchMap":{"1":{"line":30,"type":"if","locations":[{"start":{"line":30,"column":8},"end":{"line":30,"column":8}},{"start":{"line":30,"column":8},"end":{"line":30,"column":8}}]},"2":{"line":31,"type":"if","locations":[{"start":{"line":31,"column":8},"end":{"line":31,"column":8}},{"start":{"line":31,"column":8},"end":{"line":31,"column":8}}]},"3":{"line":36,"type":"if","locations":[{"start":{"line":36,"column":12},"end":{"line":36,"column":12}},{"start":{"line":36,"column":12},"end":{"line":36,"column":12}}]},"4":{"line":57,"type":"if","locations":[{"start":{"line":57,"column":8},"end":{"line":57,"column":8}},{"start":{"line":57,"column":8},"end":{"line":57,"column":8}}]}}}}